TN:
SF:app.js
FN:7,(anonymous_0)
FNF:1
FNH:1
FNDA:6,(anonymous_0)
DA:1,1
DA:2,1
DA:3,1
DA:4,1
DA:6,1
DA:7,1
DA:8,6
DA:9,6
DA:12,1
DA:13,1
DA:14,1
DA:15,1
DA:17,1
DA:18,1
DA:20,1
DA:21,1
DA:23,1
LF:17
LH:17
BRDA:4,0,0,1
BRDA:4,0,1,1
BRF:2
BRH:2
end_of_record
TN:
SF:dbconnection.js
FN:4,connect
FN:5,(anonymous_1)
FN:34,(anonymous_2)
FN:37,(anonymous_3)
FN:42,close
FNF:5
FNH:4
FNDA:5,connect
FNDA:5,(anonymous_1)
FNDA:5,(anonymous_2)
FNDA:0,(anonymous_3)
FNDA:4,close
DA:1,1
DA:2,1
DA:5,5
DA:28,5
DA:35,5
DA:37,0
DA:43,4
DA:46,1
LF:8
LH:7
BRF:0
BRH:0
end_of_record
TN:
SF:server.js
FN:7,(anonymous_0)
FN:8,(anonymous_1)
FN:12,(anonymous_2)
FNF:3
FNH:0
FNDA:0,(anonymous_0)
FNDA:0,(anonymous_1)
FNDA:0,(anonymous_2)
DA:1,0
DA:2,0
DA:4,0
DA:6,0
DA:8,0
DA:9,0
DA:13,0
LF:7
LH:0
BRF:0
BRH:0
end_of_record
TN:
SF:models\analysis.model.js
FNF:0
FNH:0
DA:1,1
DA:3,1
DA:5,1
DA:37,1
DA:38,1
LF:5
LH:5
BRF:0
BRH:0
end_of_record
TN:
SF:models\sites.model.js
FNF:0
FNH:0
DA:1,1
DA:3,1
DA:5,1
DA:14,1
DA:16,1
LF:5
LH:5
BRF:0
BRH:0
end_of_record
TN:
SF:routes\analysis.js
FN:4,(anonymous_0)
FN:10,(anonymous_1)
FN:11,(anonymous_2)
FN:14,(anonymous_3)
FN:21,(anonymous_4)
FN:22,(anonymous_5)
FNF:6
FNH:5
FNDA:1,(anonymous_0)
FNDA:1,(anonymous_1)
FNDA:0,(anonymous_2)
FNDA:2,(anonymous_3)
FNDA:1,(anonymous_4)
FNDA:1,(anonymous_5)
DA:1,1
DA:2,1
DA:4,1
DA:5,1
DA:6,1
DA:10,1
DA:11,0
DA:14,1
DA:15,2
DA:16,2
DA:17,2
DA:19,2
DA:21,1
DA:22,1
DA:25,1
LF:15
LH:14
BRF:0
BRH:0
end_of_record
TN:
SF:routes\sites.js
FN:5,(anonymous_0)
FN:15,(anonymous_1)
FN:16,(anonymous_2)
FN:19,(anonymous_3)
FN:26,(anonymous_4)
FN:27,(anonymous_5)
FNF:6
FNH:5
FNDA:1,(anonymous_0)
FNDA:1,(anonymous_1)
FNDA:0,(anonymous_2)
FNDA:2,(anonymous_3)
FNDA:1,(anonymous_4)
FNDA:1,(anonymous_5)
DA:1,1
DA:2,1
DA:3,1
DA:5,1
DA:6,1
DA:15,1
DA:16,0
DA:19,1
DA:20,2
DA:21,2
DA:24,2
DA:26,1
DA:27,1
DA:30,1
LF:14
LH:13
BRF:0
BRH:0
end_of_record
